  PacketGenerator.cpp
PacketGenerator.cpp(118): warning C4996: 'wcscpy': This function or variable may be unsafe. Consider using wcscpy_s instead. To disable deprecation, use _CRT_SECURE_NO_WARNINGS. See online help for details.
  C:\Program Files (x86)\Windows Kits\10\Include\10.0.10240.0\ucrt\corecrt_wstring.h(121): note: 'wcscpy' 선언을 참조하십시오.
PacketGenerator.cpp(35): warning C4996: '_snwprintf': This function or variable may be unsafe. Consider using _snwprintf_s instead. To disable deprecation, use _CRT_SECURE_NO_WARNINGS. See online help for details.
  C:\Program Files (x86)\Windows Kits\10\Include\10.0.10240.0\ucrt\corecrt_wstdio.h(1665): note: '_snwprintf' 선언을 참조하십시오.
PacketGenerator.cpp(36): warning C4996: '_snwprintf': This function or variable may be unsafe. Consider using _snwprintf_s instead. To disable deprecation, use _CRT_SECURE_NO_WARNINGS. See online help for details.
  C:\Program Files (x86)\Windows Kits\10\Include\10.0.10240.0\ucrt\corecrt_wstdio.h(1665): note: '_snwprintf' 선언을 참조하십시오.
PacketGenerator.cpp(37): warning C4996: '_snwprintf': This function or variable may be unsafe. Consider using _snwprintf_s instead. To disable deprecation, use _CRT_SECURE_NO_WARNINGS. See online help for details.
  C:\Program Files (x86)\Windows Kits\10\Include\10.0.10240.0\ucrt\corecrt_wstdio.h(1665): note: '_snwprintf' 선언을 참조하십시오.
PacketGenerator.cpp(42): warning C4996: '_wfopen': This function or variable may be unsafe. Consider using _wfopen_s instead. To disable deprecation, use _CRT_SECURE_NO_WARNINGS. See online help for details.
  C:\Program Files (x86)\Windows Kits\10\Include\10.0.10240.0\ucrt\corecrt_wstdio.h(129): note: '_wfopen' 선언을 참조하십시오.
PacketGenerator.cpp(63): warning C4996: 'wcsncpy': This function or variable may be unsafe. Consider using wcsncpy_s instead. To disable deprecation, use _CRT_SECURE_NO_WARNINGS. See online help for details.
  C:\Program Files (x86)\Windows Kits\10\Include\10.0.10240.0\ucrt\corecrt_wstring.h(204): note: 'wcsncpy' 선언을 참조하십시오.
PacketGenerator.cpp(96): warning C4996: 'wcsncpy': This function or variable may be unsafe. Consider using wcsncpy_s instead. To disable deprecation, use _CRT_SECURE_NO_WARNINGS. See online help for details.
  C:\Program Files (x86)\Windows Kits\10\Include\10.0.10240.0\ucrt\corecrt_wstring.h(204): note: 'wcsncpy' 선언을 참조하십시오.
PacketGenerator.cpp(109): warning C4996: 'wcsncpy': This function or variable may be unsafe. Consider using wcsncpy_s instead. To disable deprecation, use _CRT_SECURE_NO_WARNINGS. See online help for details.
  C:\Program Files (x86)\Windows Kits\10\Include\10.0.10240.0\ucrt\corecrt_wstring.h(204): note: 'wcsncpy' 선언을 참조하십시오.
PacketGenerator.cpp(112): warning C4996: 'wcsncpy': This function or variable may be unsafe. Consider using wcsncpy_s instead. To disable deprecation, use _CRT_SECURE_NO_WARNINGS. See online help for details.
  C:\Program Files (x86)\Windows Kits\10\Include\10.0.10240.0\ucrt\corecrt_wstring.h(204): note: 'wcsncpy' 선언을 참조하십시오.
PacketGenerator.cpp(127): warning C4996: '_wfopen': This function or variable may be unsafe. Consider using _wfopen_s instead. To disable deprecation, use _CRT_SECURE_NO_WARNINGS. See online help for details.
  C:\Program Files (x86)\Windows Kits\10\Include\10.0.10240.0\ucrt\corecrt_wstdio.h(129): note: '_wfopen' 선언을 참조하십시오.
PacketGenerator.cpp(155): warning C4996: '_wfopen': This function or variable may be unsafe. Consider using _wfopen_s instead. To disable deprecation, use _CRT_SECURE_NO_WARNINGS. See online help for details.
  C:\Program Files (x86)\Windows Kits\10\Include\10.0.10240.0\ucrt\corecrt_wstdio.h(129): note: '_wfopen' 선언을 참조하십시오.
PacketGenerator.cpp(233): warning C4996: '_wfopen': This function or variable may be unsafe. Consider using _wfopen_s instead. To disable deprecation, use _CRT_SECURE_NO_WARNINGS. See online help for details.
  C:\Program Files (x86)\Windows Kits\10\Include\10.0.10240.0\ucrt\corecrt_wstdio.h(129): note: '_wfopen' 선언을 참조하십시오.
PacketGenerator.cpp(317): warning C4996: '_wcslwr': This function or variable may be unsafe. Consider using _wcslwr_s instead. To disable deprecation, use _CRT_SECURE_NO_WARNINGS. See online help for details.
  C:\Program Files (x86)\Windows Kits\10\Include\10.0.10240.0\ucrt\corecrt_wstring.h(389): note: '_wcslwr' 선언을 참조하십시오.
PacketGenerator.cpp(322): warning C4996: '_wcslwr': This function or variable may be unsafe. Consider using _wcslwr_s instead. To disable deprecation, use _CRT_SECURE_NO_WARNINGS. See online help for details.
  C:\Program Files (x86)\Windows Kits\10\Include\10.0.10240.0\ucrt\corecrt_wstring.h(389): note: '_wcslwr' 선언을 참조하십시오.
PacketGenerator.cpp(334): warning C4996: '_wcslwr': This function or variable may be unsafe. Consider using _wcslwr_s instead. To disable deprecation, use _CRT_SECURE_NO_WARNINGS. See online help for details.
  C:\Program Files (x86)\Windows Kits\10\Include\10.0.10240.0\ucrt\corecrt_wstring.h(389): note: '_wcslwr' 선언을 참조하십시오.
PacketGenerator.cpp(339): warning C4996: '_wcslwr': This function or variable may be unsafe. Consider using _wcslwr_s instead. To disable deprecation, use _CRT_SECURE_NO_WARNINGS. See online help for details.
  C:\Program Files (x86)\Windows Kits\10\Include\10.0.10240.0\ucrt\corecrt_wstring.h(389): note: '_wcslwr' 선언을 참조하십시오.
PacketGenerator.cpp(344): warning C4996: '_wcslwr': This function or variable may be unsafe. Consider using _wcslwr_s instead. To disable deprecation, use _CRT_SECURE_NO_WARNINGS. See online help for details.
  C:\Program Files (x86)\Windows Kits\10\Include\10.0.10240.0\ucrt\corecrt_wstring.h(389): note: '_wcslwr' 선언을 참조하십시오.
PacketGenerator.cpp(351): warning C4996: '_wcslwr': This function or variable may be unsafe. Consider using _wcslwr_s instead. To disable deprecation, use _CRT_SECURE_NO_WARNINGS. See online help for details.
  C:\Program Files (x86)\Windows Kits\10\Include\10.0.10240.0\ucrt\corecrt_wstring.h(389): note: '_wcslwr' 선언을 참조하십시오.
PacketGenerator.cpp(356): warning C4996: '_wcslwr': This function or variable may be unsafe. Consider using _wcslwr_s instead. To disable deprecation, use _CRT_SECURE_NO_WARNINGS. See online help for details.
  C:\Program Files (x86)\Windows Kits\10\Include\10.0.10240.0\ucrt\corecrt_wstring.h(389): note: '_wcslwr' 선언을 참조하십시오.
PacketGenerator.cpp(365): warning C4996: '_wcslwr': This function or variable may be unsafe. Consider using _wcslwr_s instead. To disable deprecation, use _CRT_SECURE_NO_WARNINGS. See online help for details.
  C:\Program Files (x86)\Windows Kits\10\Include\10.0.10240.0\ucrt\corecrt_wstring.h(389): note: '_wcslwr' 선언을 참조하십시오.
PacketGenerator.cpp(370): warning C4996: '_wcslwr': This function or variable may be unsafe. Consider using _wcslwr_s instead. To disable deprecation, use _CRT_SECURE_NO_WARNINGS. See online help for details.
  C:\Program Files (x86)\Windows Kits\10\Include\10.0.10240.0\ucrt\corecrt_wstring.h(389): note: '_wcslwr' 선언을 참조하십시오.
PacketGenerator.cpp(373): warning C4996: '_wcslwr': This function or variable may be unsafe. Consider using _wcslwr_s instead. To disable deprecation, use _CRT_SECURE_NO_WARNINGS. See online help for details.
  C:\Program Files (x86)\Windows Kits\10\Include\10.0.10240.0\ucrt\corecrt_wstring.h(389): note: '_wcslwr' 선언을 참조하십시오.
PacketGenerator.cpp(374): warning C4996: '_wcslwr': This function or variable may be unsafe. Consider using _wcslwr_s instead. To disable deprecation, use _CRT_SECURE_NO_WARNINGS. See online help for details.
  C:\Program Files (x86)\Windows Kits\10\Include\10.0.10240.0\ucrt\corecrt_wstring.h(389): note: '_wcslwr' 선언을 참조하십시오.
PacketGenerator.cpp(378): warning C4996: '_wcslwr': This function or variable may be unsafe. Consider using _wcslwr_s instead. To disable deprecation, use _CRT_SECURE_NO_WARNINGS. See online help for details.
  C:\Program Files (x86)\Windows Kits\10\Include\10.0.10240.0\ucrt\corecrt_wstring.h(389): note: '_wcslwr' 선언을 참조하십시오.
PacketGenerator.cpp(386): warning C4996: '_wcslwr': This function or variable may be unsafe. Consider using _wcslwr_s instead. To disable deprecation, use _CRT_SECURE_NO_WARNINGS. See online help for details.
  C:\Program Files (x86)\Windows Kits\10\Include\10.0.10240.0\ucrt\corecrt_wstring.h(389): note: '_wcslwr' 선언을 참조하십시오.
PacketGenerator.cpp(391): warning C4996: '_wcslwr': This function or variable may be unsafe. Consider using _wcslwr_s instead. To disable deprecation, use _CRT_SECURE_NO_WARNINGS. See online help for details.
  C:\Program Files (x86)\Windows Kits\10\Include\10.0.10240.0\ucrt\corecrt_wstring.h(389): note: '_wcslwr' 선언을 참조하십시오.
PacketGenerator.cpp(396): warning C4996: '_wcslwr': This function or variable may be unsafe. Consider using _wcslwr_s instead. To disable deprecation, use _CRT_SECURE_NO_WARNINGS. See online help for details.
  C:\Program Files (x86)\Windows Kits\10\Include\10.0.10240.0\ucrt\corecrt_wstring.h(389): note: '_wcslwr' 선언을 참조하십시오.
PacketGenerator.cpp(401): warning C4996: '_wcslwr': This function or variable may be unsafe. Consider using _wcslwr_s instead. To disable deprecation, use _CRT_SECURE_NO_WARNINGS. See online help for details.
  C:\Program Files (x86)\Windows Kits\10\Include\10.0.10240.0\ucrt\corecrt_wstring.h(389): note: '_wcslwr' 선언을 참조하십시오.
PacketGenerator.cpp(406): warning C4996: '_wcslwr': This function or variable may be unsafe. Consider using _wcslwr_s instead. To disable deprecation, use _CRT_SECURE_NO_WARNINGS. See online help for details.
  C:\Program Files (x86)\Windows Kits\10\Include\10.0.10240.0\ucrt\corecrt_wstring.h(389): note: '_wcslwr' 선언을 참조하십시오.
PacketGenerator.cpp(410): warning C4996: '_wcslwr': This function or variable may be unsafe. Consider using _wcslwr_s instead. To disable deprecation, use _CRT_SECURE_NO_WARNINGS. See online help for details.
  C:\Program Files (x86)\Windows Kits\10\Include\10.0.10240.0\ucrt\corecrt_wstring.h(389): note: '_wcslwr' 선언을 참조하십시오.
  코드를 생성하고 있습니다.
  1 of 9 functions (11.1%) were compiled, the rest were copied from previous compilation.
    0 functions were new in current compilation
    0 functions had inline decision re-evaluated but remain unchanged
  코드를 생성했습니다.
  PacketGenerator.vcxproj -> C:\Users\임희택\Desktop\Code\PacketGenerator\x64\Release\PacketGenerator.exe
