  stdafx.cpp
C:\Program Files (x86)\Windows Kits\8.1\Include\um\dbghelp.h(1544): warning C4091: 'typedef ': 변수를 선언하지 않으면 '' 왼쪽은 무시됩니다.
C:\Program Files (x86)\Windows Kits\8.1\Include\um\dbghelp.h(3190): warning C4091: 'typedef ': 변수를 선언하지 않으면 '' 왼쪽은 무시됩니다.
c:\users\임희택\desktop\code\bone_netwroklibrary\bone_netwroklibrary\Log.h(18): warning C4996: 'vswprintf': function has been changed to conform with the ISO C standard, adding an extra character count parameter. To use the traditional Microsoft version, set _CRT_NON_CONFORMING_SWPRINTFS.
  C:\Program Files (x86)\Windows Kits\10\Include\10.0.10240.0\ucrt\corecrt_wstdio.h(1835): note: 'vswprintf' 선언을 참조하십시오.
c:\users\임희택\desktop\code\bone_netwroklibrary\bone_netwroklibrary\Log.h(22): warning C4996: '_snwprintf': This function or variable may be unsafe. Consider using _snwprintf_s instead. To disable deprecation, use _CRT_SECURE_NO_WARNINGS. See online help for details.
  C:\Program Files (x86)\Windows Kits\10\Include\10.0.10240.0\ucrt\corecrt_wstdio.h(1665): note: '_snwprintf' 선언을 참조하십시오.
c:\users\임희택\desktop\code\bone_netwroklibrary\bone_netwroklibrary\Log.h(30): warning C4996: '_snwprintf': This function or variable may be unsafe. Consider using _snwprintf_s instead. To disable deprecation, use _CRT_SECURE_NO_WARNINGS. See online help for details.
  C:\Program Files (x86)\Windows Kits\10\Include\10.0.10240.0\ucrt\corecrt_wstdio.h(1665): note: '_snwprintf' 선언을 참조하십시오.
c:\users\임희택\desktop\code\bone_netwroklibrary\bone_netwroklibrary\Log.h(36): warning C4996: '_wfopen': This function or variable may be unsafe. Consider using _wfopen_s instead. To disable deprecation, use _CRT_SECURE_NO_WARNINGS. See online help for details.
  C:\Program Files (x86)\Windows Kits\10\Include\10.0.10240.0\ucrt\corecrt_wstdio.h(129): note: '_wfopen' 선언을 참조하십시오.
c:\users\임희택\desktop\code\bone_netwroklibrary\bone_netwroklibrary\Log.h(41): warning C4996: '_snwprintf': This function or variable may be unsafe. Consider using _snwprintf_s instead. To disable deprecation, use _CRT_SECURE_NO_WARNINGS. See online help for details.
  C:\Program Files (x86)\Windows Kits\10\Include\10.0.10240.0\ucrt\corecrt_wstdio.h(1665): note: '_snwprintf' 선언을 참조하십시오.
c:\users\임희택\desktop\code\bone_netwroklibrary\bone_netwroklibrary\Log.h(65): warning C4996: 'vswprintf': function has been changed to conform with the ISO C standard, adding an extra character count parameter. To use the traditional Microsoft version, set _CRT_NON_CONFORMING_SWPRINTFS.
  C:\Program Files (x86)\Windows Kits\10\Include\10.0.10240.0\ucrt\corecrt_wstdio.h(1835): note: 'vswprintf' 선언을 참조하십시오.
c:\users\임희택\desktop\code\bone_netwroklibrary\bone_netwroklibrary\Log.h(69): warning C4996: '_snwprintf': This function or variable may be unsafe. Consider using _snwprintf_s instead. To disable deprecation, use _CRT_SECURE_NO_WARNINGS. See online help for details.
  C:\Program Files (x86)\Windows Kits\10\Include\10.0.10240.0\ucrt\corecrt_wstdio.h(1665): note: '_snwprintf' 선언을 참조하십시오.
c:\users\임희택\desktop\code\bone_netwroklibrary\bone_netwroklibrary\Log.h(77): warning C4996: '_snwprintf': This function or variable may be unsafe. Consider using _snwprintf_s instead. To disable deprecation, use _CRT_SECURE_NO_WARNINGS. See online help for details.
  C:\Program Files (x86)\Windows Kits\10\Include\10.0.10240.0\ucrt\corecrt_wstdio.h(1665): note: '_snwprintf' 선언을 참조하십시오.
c:\users\임희택\desktop\code\bone_netwroklibrary\bone_netwroklibrary\Log.h(83): warning C4996: '_wfopen': This function or variable may be unsafe. Consider using _wfopen_s instead. To disable deprecation, use _CRT_SECURE_NO_WARNINGS. See online help for details.
  C:\Program Files (x86)\Windows Kits\10\Include\10.0.10240.0\ucrt\corecrt_wstdio.h(129): note: '_wfopen' 선언을 참조하십시오.
c:\users\임희택\desktop\code\bone_netwroklibrary\bone_netwroklibrary\Log.h(88): warning C4996: '_snwprintf': This function or variable may be unsafe. Consider using _snwprintf_s instead. To disable deprecation, use _CRT_SECURE_NO_WARNINGS. See online help for details.
  C:\Program Files (x86)\Windows Kits\10\Include\10.0.10240.0\ucrt\corecrt_wstdio.h(1665): note: '_snwprintf' 선언을 참조하십시오.
  CircularQueue.cpp
CircularQueue.cpp(102): warning C4996: 'strncpy': This function or variable may be unsafe. Consider using strncpy_s instead. To disable deprecation, use _CRT_SECURE_NO_WARNINGS. See online help for details.
  C:\Program Files (x86)\Windows Kits\10\Include\10.0.10240.0\ucrt\string.h(346): note: 'strncpy' 선언을 참조하십시오.
CircularQueue.cpp(132): warning C4996: 'strncpy': This function or variable may be unsafe. Consider using strncpy_s instead. To disable deprecation, use _CRT_SECURE_NO_WARNINGS. See online help for details.
  C:\Program Files (x86)\Windows Kits\10\Include\10.0.10240.0\ucrt\string.h(346): note: 'strncpy' 선언을 참조하십시오.
CircularQueue.cpp(225): warning C4996: 'strncpy': This function or variable may be unsafe. Consider using strncpy_s instead. To disable deprecation, use _CRT_SECURE_NO_WARNINGS. See online help for details.
  C:\Program Files (x86)\Windows Kits\10\Include\10.0.10240.0\ucrt\string.h(346): note: 'strncpy' 선언을 참조하십시오.
CircularQueue.cpp(252): warning C4996: 'strncpy': This function or variable may be unsafe. Consider using strncpy_s instead. To disable deprecation, use _CRT_SECURE_NO_WARNINGS. See online help for details.
  C:\Program Files (x86)\Windows Kits\10\Include\10.0.10240.0\ucrt\string.h(346): note: 'strncpy' 선언을 참조하십시오.
  ClientSession.cpp
  Crypt.cpp
  EventSelect.cpp
  IniFile.cpp
IniFile.cpp(18): warning C4996: 'wcsncpy': This function or variable may be unsafe. Consider using wcsncpy_s instead. To disable deprecation, use _CRT_SECURE_NO_WARNINGS. See online help for details.
  C:\Program Files (x86)\Windows Kits\10\Include\10.0.10240.0\ucrt\corecrt_wstring.h(204): note: 'wcsncpy' 선언을 참조하십시오.
IniFile.cpp(68): warning C4996: '_itow': This function or variable may be unsafe. Consider using _itow_s instead. To disable deprecation, use _CRT_SECURE_NO_WARNINGS. See online help for details.
  C:\Program Files (x86)\Windows Kits\10\Include\10.0.10240.0\ucrt\corecrt_wstdlib.h(67): note: '_itow' 선언을 참조하십시오.
IniFile.cpp(91): warning C4996: '_swprintf': This function or variable may be unsafe. Consider using _swprintf_s instead. To disable deprecation, use _CRT_SECURE_NO_WARNINGS. See online help for details.
  C:\Program Files (x86)\Windows Kits\10\Include\10.0.10240.0\ucrt\corecrt_wstdio.h(1444): note: '_swprintf' 선언을 참조하십시오.
  Iocp.cpp
  MiniDump.cpp
MiniDump.cpp(33): warning C4996: '_snwprintf': This function or variable may be unsafe. Consider using _snwprintf_s instead. To disable deprecation, use _CRT_SECURE_NO_WARNINGS. See online help for details.
  C:\Program Files (x86)\Windows Kits\10\Include\10.0.10240.0\ucrt\corecrt_wstdio.h(1665): note: '_snwprintf' 선언을 참조하십시오.
  NetworkSession.cpp
NetworkSession.cpp(378): warning C4996: 'inet_addr': Use inet_pton() or InetPton() instead or define _WINSOCK_DEPRECATED_NO_WARNINGS to disable deprecated API warnings
  C:\Program Files (x86)\Windows Kits\8.1\Include\um\winsock2.h(1850): note: 'inet_addr' 선언을 참조하십시오.
NetworkSession.cpp(511): warning C4996: 'gethostbyname': Use getaddrinfo() or GetAddrInfoW() instead or define _WINSOCK_DEPRECATED_NO_WARNINGS to disable deprecated API warnings
  C:\Program Files (x86)\Windows Kits\8.1\Include\um\winsock2.h(2238): note: 'gethostbyname' 선언을 참조하십시오.
NetworkSession.cpp(514): warning C4996: 'inet_ntoa': Use inet_ntop() or InetNtop() instead or define _WINSOCK_DEPRECATED_NO_WARNINGS to disable deprecated API warnings
  C:\Program Files (x86)\Windows Kits\8.1\Include\um\winsock2.h(1868): note: 'inet_ntoa' 선언을 참조하십시오.
NetworkSession.cpp(586): warning C4996: 'strcpy': This function or variable may be unsafe. Consider using strcpy_s instead. To disable deprecation, use _CRT_SECURE_NO_WARNINGS. See online help for details.
  C:\Program Files (x86)\Windows Kits\10\Include\10.0.10240.0\ucrt\string.h(119): note: 'strcpy' 선언을 참조하십시오.
NetworkSession.cpp(586): warning C4996: 'inet_ntoa': Use inet_ntop() or InetNtop() instead or define _WINSOCK_DEPRECATED_NO_WARNINGS to disable deprecated API warnings
  C:\Program Files (x86)\Windows Kits\8.1\Include\um\winsock2.h(1868): note: 'inet_ntoa' 선언을 참조하십시오.
NetworkSession.cpp(649): warning C4996: 'strcpy': This function or variable may be unsafe. Consider using strcpy_s instead. To disable deprecation, use _CRT_SECURE_NO_WARNINGS. See online help for details.
  C:\Program Files (x86)\Windows Kits\10\Include\10.0.10240.0\ucrt\string.h(119): note: 'strcpy' 선언을 참조하십시오.
NetworkSession.cpp(649): warning C4996: 'inet_ntoa': Use inet_ntop() or InetNtop() instead or define _WINSOCK_DEPRECATED_NO_WARNINGS to disable deprecated API warnings
  C:\Program Files (x86)\Windows Kits\8.1\Include\um\winsock2.h(1868): note: 'inet_ntoa' 선언을 참조하십시오.
NetworkSession.cpp(713): warning C4996: 'inet_addr': Use inet_pton() or InetPton() instead or define _WINSOCK_DEPRECATED_NO_WARNINGS to disable deprecated API warnings
  C:\Program Files (x86)\Windows Kits\8.1\Include\um\winsock2.h(1850): note: 'inet_addr' 선언을 참조하십시오.
NetworkSession.cpp(760): warning C4996: 'strcpy': This function or variable may be unsafe. Consider using strcpy_s instead. To disable deprecation, use _CRT_SECURE_NO_WARNINGS. See online help for details.
  C:\Program Files (x86)\Windows Kits\10\Include\10.0.10240.0\ucrt\string.h(119): note: 'strcpy' 선언을 참조하십시오.
NetworkSession.cpp(760): warning C4996: 'inet_ntoa': Use inet_ntop() or InetNtop() instead or define _WINSOCK_DEPRECATED_NO_WARNINGS to disable deprecated API warnings
  C:\Program Files (x86)\Windows Kits\8.1\Include\um\winsock2.h(1868): note: 'inet_ntoa' 선언을 참조하십시오.
  PacketSession.cpp
PacketSession.cpp(195): warning C4996: 'strcpy': This function or variable may be unsafe. Consider using strcpy_s instead. To disable deprecation, use _CRT_SECURE_NO_WARNINGS. See online help for details.
  C:\Program Files (x86)\Windows Kits\10\Include\10.0.10240.0\ucrt\string.h(119): note: 'strcpy' 선언을 참조하십시오.
  Profile.cpp
Profile.cpp(36): warning C4996: 'wcscpy': This function or variable may be unsafe. Consider using wcscpy_s instead. To disable deprecation, use _CRT_SECURE_NO_WARNINGS. See online help for details.
  C:\Program Files (x86)\Windows Kits\10\Include\10.0.10240.0\ucrt\corecrt_wstring.h(121): note: 'wcscpy' 선언을 참조하십시오.
Profile.cpp(125): warning C4996: '_snwprintf': This function or variable may be unsafe. Consider using _snwprintf_s instead. To disable deprecation, use _CRT_SECURE_NO_WARNINGS. See online help for details.
  C:\Program Files (x86)\Windows Kits\10\Include\10.0.10240.0\ucrt\corecrt_wstdio.h(1665): note: '_snwprintf' 선언을 참조하십시오.
Profile.cpp(126): warning C4996: '_snwprintf': This function or variable may be unsafe. Consider using _snwprintf_s instead. To disable deprecation, use _CRT_SECURE_NO_WARNINGS. See online help for details.
  C:\Program Files (x86)\Windows Kits\10\Include\10.0.10240.0\ucrt\corecrt_wstdio.h(1665): note: '_snwprintf' 선언을 참조하십시오.
Profile.cpp(127): warning C4996: '_snwprintf': This function or variable may be unsafe. Consider using _snwprintf_s instead. To disable deprecation, use _CRT_SECURE_NO_WARNINGS. See online help for details.
  C:\Program Files (x86)\Windows Kits\10\Include\10.0.10240.0\ucrt\corecrt_wstdio.h(1665): note: '_snwprintf' 선언을 참조하십시오.
Profile.cpp(128): warning C4996: '_snwprintf': This function or variable may be unsafe. Consider using _snwprintf_s instead. To disable deprecation, use _CRT_SECURE_NO_WARNINGS. See online help for details.
  C:\Program Files (x86)\Windows Kits\10\Include\10.0.10240.0\ucrt\corecrt_wstdio.h(1665): note: '_snwprintf' 선언을 참조하십시오.
Profile.cpp(130): warning C4996: 'wcsncpy': This function or variable may be unsafe. Consider using wcsncpy_s instead. To disable deprecation, use _CRT_SECURE_NO_WARNINGS. See online help for details.
  C:\Program Files (x86)\Windows Kits\10\Include\10.0.10240.0\ucrt\corecrt_wstring.h(204): note: 'wcsncpy' 선언을 참조하십시오.
Profile.cpp(134): warning C4996: '_snwprintf': This function or variable may be unsafe. Consider using _snwprintf_s instead. To disable deprecation, use _CRT_SECURE_NO_WARNINGS. See online help for details.
  C:\Program Files (x86)\Windows Kits\10\Include\10.0.10240.0\ucrt\corecrt_wstdio.h(1665): note: '_snwprintf' 선언을 참조하십시오.
Profile.cpp(135): warning C4996: 'wcsncpy': This function or variable may be unsafe. Consider using wcsncpy_s instead. To disable deprecation, use _CRT_SECURE_NO_WARNINGS. See online help for details.
  C:\Program Files (x86)\Windows Kits\10\Include\10.0.10240.0\ucrt\corecrt_wstring.h(204): note: 'wcsncpy' 선언을 참조하십시오.
Profile.cpp(138): warning C4996: '_snwprintf': This function or variable may be unsafe. Consider using _snwprintf_s instead. To disable deprecation, use _CRT_SECURE_NO_WARNINGS. See online help for details.
  C:\Program Files (x86)\Windows Kits\10\Include\10.0.10240.0\ucrt\corecrt_wstdio.h(1665): note: '_snwprintf' 선언을 참조하십시오.
Profile.cpp(212): warning C4996: 'wcsncpy': This function or variable may be unsafe. Consider using wcsncpy_s instead. To disable deprecation, use _CRT_SECURE_NO_WARNINGS. See online help for details.
  C:\Program Files (x86)\Windows Kits\10\Include\10.0.10240.0\ucrt\corecrt_wstring.h(204): note: 'wcsncpy' 선언을 참조하십시오.
  Random.cpp
  Registry.cpp
  Service.cpp
Service.cpp(89): warning C4996: 'wcscat': This function or variable may be unsafe. Consider using wcscat_s instead. To disable deprecation, use _CRT_SECURE_NO_WARNINGS. See online help for details.
  C:\Program Files (x86)\Windows Kits\10\Include\10.0.10240.0\ucrt\corecrt_wstring.h(101): note: 'wcscat' 선언을 참조하십시오.
Service.cpp(165): warning C4996: 'wcscpy': This function or variable may be unsafe. Consider using wcscpy_s instead. To disable deprecation, use _CRT_SECURE_NO_WARNINGS. See online help for details.
  C:\Program Files (x86)\Windows Kits\10\Include\10.0.10240.0\ucrt\corecrt_wstring.h(121): note: 'wcscpy' 선언을 참조하십시오.
  Stream.cpp
  Bone_NetwrokLibrary.vcxproj -> C:\Users\임희택\Desktop\Code\Bone_NetwrokLibrary\x64\Release\Bone_NetwrokLibrary.lib
